<?xml version="1.0" encoding="UTF-8"?>
<!-- Generated by org.testng.reporters.JUnitXMLReporter -->
<testsuite ignored="0" hostname="rnc-Ideapad-Z570" failures="0" tests="4" name="Listener_Test" time="35.106" errors="0" timestamp="2023-06-07T20:18:43 IST">
  <testcase classname="sub.TestClass" name="b" time="8.703"/>
  <testcase classname="sub.TestClass" name="c" time="0.015">
    <skipped/>
  </testcase> <!-- c -->
  <testcase classname="sub.TestClass" name="d" time="0.177"/>
  <testcase classname="sub.TestClass" name="e" time="22.545"/>
</testsuite> <!-- Listener_Test -->
