<?xml version="1.0" encoding="UTF-8"?>
<!-- Generated by org.testng.reporters.JUnitXMLReporter -->
<testsuite ignored="0" hostname="rnc-Ideapad-Z570" failures="0" tests="9" name="Default test" time="0.179" errors="0" timestamp="2023-06-02T09:06:58 IST">
  <testcase classname="newNG.One" name="test1" time="0.013"/>
  <testcase classname="newNG.One" name="test1" time="0.003"/>
  <testcase classname="newNG.One" name="test1" time="0.002"/>
  <testcase classname="newNG.One" name="test1" time="0.004"/>
  <testcase classname="newNG.One" name="test2" time="0.006"/>
  <testcase classname="newNG.One" name="test3" time="0.005"/>
  <testcase classname="newNG.One" name="test4" time="0.002"/>
  <testcase classname="newNG.One" name="test5" time="0.002"/>
  <testcase classname="newNG.One" name="test6" time="0.002"/>
</testsuite> <!-- Default test -->
