<?xml version="1.0" encoding="UTF-8"?>
<!-- Generated by org.testng.reporters.JUnitXMLReporter -->
<testsuite ignored="3" hostname="rnc-Ideapad-Z570" failures="0" tests="3" name="GRP-even" time="0.117" errors="0" timestamp="2023-06-02T08:59:28 IST">
  <testcase classname="newNG.One" name="test2" time="0.015"/>
  <testcase classname="newNG.One" name="test4" time="0.004"/>
  <testcase classname="newNG.One" name="test6" time="0.003"/>
  <testcase classname="newNG.One" name="test3" time="0.0">
    <ignored/>
  </testcase> <!-- test3 -->
  <testcase classname="newNG.One" name="test1" time="0.0">
    <ignored/>
  </testcase> <!-- test1 -->
  <testcase classname="newNG.One" name="test5" time="0.0">
    <ignored/>
  </testcase> <!-- test5 -->
</testsuite> <!-- GRP-even -->
