<?xml version="1.0" encoding="UTF-8"?>
<!-- Generated by org.testng.reporters.JUnitXMLReporter -->
<testsuite ignored="4" hostname="rnc-Ideapad-Z570" failures="0" tests="2" name="newOne_Test" time="0.108" errors="0" timestamp="2023-06-02T09:25:23 IST">
  <testcase classname="newNG.One" name="test5" time="0.009"/>
  <testcase classname="newNG.One" name="test3" time="0.011"/>
  <testcase classname="newNG.One" name="test1" time="0.0">
    <ignored/>
  </testcase> <!-- test1 -->
  <testcase classname="newNG.One" name="test6" time="0.0">
    <ignored/>
  </testcase> <!-- test6 -->
  <testcase classname="newNG.One" name="test4" time="0.0">
    <ignored/>
  </testcase> <!-- test4 -->
  <testcase classname="newNG.One" name="test2" time="0.0">
    <ignored/>
  </testcase> <!-- test2 -->
</testsuite> <!-- newOne_Test -->
