<?xml version="1.0" encoding="UTF-8"?>
<!-- Generated by org.testng.reporters.JUnitXMLReporter -->
<testsuite ignored="0" hostname="rnc-Ideapad-Z570" failures="1" tests="2" name="ListnerTest" time="0.099" errors="0" timestamp="2023-06-07T18:09:07 IST">
  <testcase classname="base.Base_Listner" name="a" time="0.015"/>
  <testcase classname="base.Base_Listner" name="b" time="0.006">
    <failure type="java.lang.AssertionError" message="null">
      <![CDATA[java.lang.AssertionError: null
at base.Base_Listner.b(Base_Listner.java:30)
at java.base/java.util.ArrayList.forEach(ArrayList.java:1511)
... Removed 29 stack frames]]>
    </failure>
  </testcase> <!-- b -->
</testsuite> <!-- ListnerTest -->
